# JRE version: Java(TM) SE Runtime Environment (8.0_111-b14) (build 1.8.0_111-b14)
# Java VM: Java HotSpot(TM) 64-Bit Server VM (25.111-b14 mixed mode windows-amd64 compressed oops)
Heap:
 PSYoungGen      total 339968K, used 288061K [0x00000000d6f80000, 0x00000000f6f00000, 0x0000000100000000)
  eden space 324096K, 83% used [0x00000000d6f80000,0x00000000e794f950,0x00000000eac00000)
  from space 15872K, 99% used [0x00000000eac00000,0x00000000ebb7fd60,0x00000000ebb80000)
  to   space 19456K, 0% used [0x00000000f5c00000,0x00000000f5c00000,0x00000000f6f00000)
 ParOldGen       total 67584K, used 23656K [0x0000000084e00000, 0x0000000089000000, 0x00000000d6f80000)
  object space 67584K, 35% used [0x0000000084e00000,0x000000008651a170,0x0000000089000000)
 Metaspace       used 53410K, capacity 54120K, committed 54528K, reserved 1097728K
  class space    used 6640K, capacity 6833K, committed 6912K, reserved 1048576K
GC Heap History (10 events):
Event: 4.816 GC heap before
{Heap before GC invocations=9 (full 1):
 PSYoungGen      total 131072K, used 126011K [0x00000000d6f80000, 0x00000000e5b00000, 0x0000000100000000)
  eden space 119808K, 100% used [0x00000000d6f80000,0x00000000de480000,0x00000000de480000)
  from space 11264K, 55% used [0x00000000de480000,0x00000000dea8ed30,0x00000000def80000)
  to   space 10752K, 0% used [0x00000000e5080000,0x00000000e5080000,0x00000000e5b00000)
 ParOldGen       total 50688K, used 9465K [0x0000000084e00000, 0x0000000087f80000, 0x00000000d6f80000)
  object space 50688K, 18% used [0x0000000084e00000,0x000000008573e690,0x0000000087f80000)
 Metaspace       used 24270K, capacity 24652K, committed 24960K, reserved 1071104K
  class space    used 2970K, capacity 3115K, committed 3200K, reserved 1048576K
Event: 4.899 GC heap after
Heap after GC invocations=9 (full 1):
 PSYoungGen      total 228864K, used 10743K [0x00000000d6f80000, 0x00000000e5f00000, 0x0000000100000000)
  eden space 218112K, 0% used [0x00000000d6f80000,0x00000000d6f80000,0x00000000e4480000)
  from space 10752K, 99% used [0x00000000e5080000,0x00000000e5afdfb0,0x00000000e5b00000)
  to   space 12288K, 0% used [0x00000000e4480000,0x00000000e4480000,0x00000000e5080000)
 ParOldGen       total 50688K, used 9721K [0x0000000084e00000, 0x0000000087f80000, 0x00000000d6f80000)
  object space 50688K, 19% used [0x0000000084e00000,0x000000008577e710,0x0000000087f80000)
 Metaspace       used 24270K, capacity 24652K, committed 24960K, reserved 1071104K
  class space    used 2970K, capacity 3115K, committed 3200K, reserved 1048576K
}
Event: 8.129 GC heap before
{Heap before GC invocations=10 (full 1):
 PSYoungGen      total 228864K, used 228855K [0x00000000d6f80000, 0x00000000e5f00000, 0x0000000100000000)
  eden space 218112K, 100% used [0x00000000d6f80000,0x00000000e4480000,0x00000000e4480000)
  from space 10752K, 99% used [0x00000000e5080000,0x00000000e5afdfb0,0x00000000e5b00000)
  to   space 12288K, 0% used [0x00000000e4480000,0x00000000e4480000,0x00000000e5080000)
 ParOldGen       total 50688K, used 9721K [0x0000000084e00000, 0x0000000087f80000, 0x00000000d6f80000)
  object space 50688K, 19% used [0x0000000084e00000,0x000000008577e710,0x0000000087f80000)
 Metaspace       used 34773K, capacity 35154K, committed 35456K, reserved 1081344K
  class space    used 4309K, capacity 4456K, committed 4480K, reserved 1048576K
Event: 8.162 GC heap after
Heap after GC invocations=10 (full 1):
 PSYoungGen      total 230400K, used 12277K [0x00000000d6f80000, 0x00000000ecb80000, 0x0000000100000000)
  eden space 218112K, 0% used [0x00000000d6f80000,0x00000000d6f80000,0x00000000e4480000)
  from space 12288K, 99% used [0x00000000e4480000,0x00000000e507d4e8,0x00000000e5080000)
  to   space 16384K, 0% used [0x00000000ebb80000,0x00000000ebb80000,0x00000000ecb80000)
 ParOldGen       total 50688K, used 16731K [0x0000000084e00000, 0x0000000087f80000, 0x00000000d6f80000)
  object space 50688K, 33% used [0x0000000084e00000,0x0000000085e56f00,0x0000000087f80000)
 Metaspace       used 34773K, capacity 35154K, committed 35456K, reserved 1081344K
  class space    used 4309K, capacity 4456K, committed 4480K, reserved 1048576K
}
Event: 8.288 GC heap before
{Heap before GC invocations=11 (full 1):
 PSYoungGen      total 230400K, used 20239K [0x00000000d6f80000, 0x00000000ecb80000, 0x0000000100000000)
  eden space 218112K, 3% used [0x00000000d6f80000,0x00000000d7746988,0x00000000e4480000)
  from space 12288K, 99% used [0x00000000e4480000,0x00000000e507d4e8,0x00000000e5080000)
  to   space 16384K, 0% used [0x00000000ebb80000,0x00000000ebb80000,0x00000000ecb80000)
 ParOldGen       total 50688K, used 16731K [0x0000000084e00000, 0x0000000087f80000, 0x00000000d6f80000)
  object space 50688K, 33% used [0x0000000084e00000,0x0000000085e56f00,0x0000000087f80000)
 Metaspace       used 34888K, capacity 35282K, committed 35456K, reserved 1081344K
  class space    used 4316K, capacity 4456K, committed 4480K, reserved 1048576K
Event: 8.317 GC heap after
Heap after GC invocations=11 (full 1):
 PSYoungGen      total 340480K, used 6820K [0x00000000d6f80000, 0x00000000ed080000, 0x0000000100000000)
  eden space 324096K, 0% used [0x00000000d6f80000,0x00000000d6f80000,0x00000000eac00000)
  from space 16384K, 41% used [0x00000000ebb80000,0x00000000ec2293e8,0x00000000ecb80000)
  to   space 15872K, 0% used [0x00000000eac00000,0x00000000eac00000,0x00000000ebb80000)
 ParOldGen       total 50688K, used 19303K [0x0000000084e00000, 0x0000000087f80000, 0x00000000d6f80000)
  object space 50688K, 38% used [0x0000000084e00000,0x00000000860d9f88,0x0000000087f80000)
 Metaspace       used 34888K, capacity 35282K, committed 35456K, reserved 1081344K
  class space    used 4316K, capacity 4456K, committed 4480K, reserved 1048576K
}
Event: 8.317 GC heap before
{Heap before GC invocations=12 (full 2):
 PSYoungGen      total 340480K, used 6820K [0x00000000d6f80000, 0x00000000ed080000, 0x0000000100000000)
  eden space 324096K, 0% used [0x00000000d6f80000,0x00000000d6f80000,0x00000000eac00000)
  from space 16384K, 41% used [0x00000000ebb80000,0x00000000ec2293e8,0x00000000ecb80000)
  to   space 15872K, 0% used [0x00000000eac00000,0x00000000eac00000,0x00000000ebb80000)
 ParOldGen       total 50688K, used 19303K [0x0000000084e00000, 0x0000000087f80000, 0x00000000d6f80000)
  object space 50688K, 38% used [0x0000000084e00000,0x00000000860d9f88,0x0000000087f80000)
 Metaspace       used 34888K, capacity 35282K, committed 35456K, reserved 1081344K
  class space    used 4316K, capacity 4456K, committed 4480K, reserved 1048576K
Event: 8.412 GC heap after
Heap after GC invocations=12 (full 2):
 PSYoungGen      total 340480K, used 0K [0x00000000d6f80000, 0x00000000ed080000, 0x0000000100000000)
  eden space 324096K, 0% used [0x00000000d6f80000,0x00000000d6f80000,0x00000000eac00000)
  from space 16384K, 0% used [0x00000000ebb80000,0x00000000ebb80000,0x00000000ecb80000)
  to   space 15872K, 0% used [0x00000000eac00000,0x00000000eac00000,0x00000000ebb80000)
 ParOldGen       total 67584K, used 19954K [0x0000000084e00000, 0x0000000089000000, 0x00000000d6f80000)
  object space 67584K, 29% used [0x0000000084e00000,0x000000008617c818,0x0000000089000000)
 Metaspace       used 34888K, capacity 35282K, committed 35456K, reserved 1081344K
  class space    used 4316K, capacity 4456K, committed 4480K, reserved 1048576K
}
Event: 12.870 GC heap before
{Heap before GC invocations=13 (full 2):
 PSYoungGen      total 340480K, used 324096K [0x00000000d6f80000, 0x00000000ed080000, 0x0000000100000000)
  eden space 324096K, 100% used [0x00000000d6f80000,0x00000000eac00000,0x00000000eac00000)
  from space 16384K, 0% used [0x00000000ebb80000,0x00000000ebb80000,0x00000000ecb80000)
  to   space 15872K, 0% used [0x00000000eac00000,0x00000000eac00000,0x00000000ebb80000)
 ParOldGen       total 67584K, used 19954K [0x0000000084e00000, 0x0000000089000000, 0x00000000d6f80000)
  object space 67584K, 29% used [0x0000000084e00000,0x000000008617c818,0x0000000089000000)
 Metaspace       used 43753K, capacity 44312K, committed 44800K, reserved 1089536K
  class space    used 5391K, capacity 5535K, committed 5632K, reserved 1048576K
Event: 12.930 GC heap after
Heap after GC invocations=13 (full 2):
 PSYoungGen      total 339968K, used 15871K [0x00000000d6f80000, 0x00000000f6f00000, 0x0000000100000000)
  eden space 324096K, 0% used [0x00000000d6f80000,0x00000000d6f80000,0x00000000eac00000)
  from space 15872K, 99% used [0x00000000eac00000,0x00000000ebb7fd60,0x00000000ebb80000)
  to   space 19456K, 0% used [0x00000000f5c00000,0x00000000f5c00000,0x00000000f6f00000)
 ParOldGen       total 67584K, used 23656K [0x0000000084e00000, 0x0000000089000000, 0x00000000d6f80000)
  object space 67584K, 35% used [0x0000000084e00000,0x000000008651a170,0x0000000089000000)
 Metaspace       used 43753K, capacity 44312K, committed 44800K, reserved 1089536K
  class space    used 5391K, capacity 5535K, committed 5632K, reserved 1048576K
}

